<?xml version="1.0" encoding="UTF-8"?>
<!-- Generated by org.testng.reporters.JUnitReportReporter -->
<testsuite hostname="Maryias-MacBook-Air.local" name="HelloWorldTest" tests="1" failures="0" timestamp="19 Jan 2016 22:48:03 GMT" time="0.016" errors="0">
  <testcase name="testHomeWorld" time="0.016" classname="HelloWorldTest"/>
</testsuite> <!-- HelloWorldTest -->
