<?xml version="1.0" encoding="UTF-8"?>
<!-- Generated by org.testng.reporters.JUnitReportReporter -->
<testsuite hostname="Maryias-MacBook-Air.local" name="com.pageobjects.test.AmazonLoginTest" tests="1" failures="0" timestamp="20 Jan 2016 01:31:45 GMT" time="45.953" errors="0">
  <testcase name="testAmazonLogin" time="45.953" classname="com.pageobjects.test.AmazonLoginTest"/>
</testsuite> <!-- com.pageobjects.test.AmazonLoginTest -->
