<?xml version="1.0" encoding="UTF-8"?>
<!-- Generated by org.testng.reporters.JUnitReportReporter -->
<testsuite hostname="Maryias-MacBook-Air.local" name="com.pageobjects.test.TempTest" tests="1" failures="0" timestamp="21 Jan 2016 05:12:01 GMT" time="10.959" errors="0">
  <testcase name="test3" time="10.959" classname="com.pageobjects.test.TempTest"/>
</testsuite> <!-- com.pageobjects.test.TempTest -->
