<?xml version="1.0" encoding="UTF-8"?>
<!-- Generated by org.testng.reporters.JUnitReportReporter -->
<testsuite hostname="Maryias-MacBook-Air.local" name="com.pageobjects.test.AmazonLoginTest" tests="3" failures="0" timestamp="21 Jan 2016 04:41:49 GMT" time="138.337" errors="0">
  <testcase name="testAddToCard" time="121.540" classname="com.pageobjects.test.AmazonLoginTest"/>
  <testcase name="testAmazonSignOut" time="2.843" classname="com.pageobjects.test.AmazonLoginTest"/>
  <testcase name="testAmazonLogin" time="13.954" classname="com.pageobjects.test.AmazonLoginTest"/>
</testsuite> <!-- com.pageobjects.test.AmazonLoginTest -->
